<?xml version="1.0" encoding="UTF-8"?>
<!-- Generated by org.testng.reporters.JUnitReportReporter -->
<testsuite skipped="0" hostname="DESKTOP-J7LJ4OM" name="orgs.zoomCar.zoomcar.testCases.TC001_BookACar" tests="1" failures="0" timestamp="01 Sep 2019 06:55:22 GMT" time="25.950" errors="0">
  <testcase name="bookACar" time="25.950" classname="orgs.zoomCar.zoomcar.testCases.TC001_BookACar"/>
</testsuite> <!-- orgs.zoomCar.zoomcar.testCases.TC001_BookACar -->
